<?xml version="1.0" encoding="UTF-8"?>
<!-- Generated by org.testng.reporters.JUnitXMLReporter -->
<testsuite ignored="0" hostname="DESKTOP-8JEUC3S" failures="1" tests="1" name="Default test(failed)" time="2.466" errors="0" timestamp="2023-08-09T15:53:05 IST">
  <testcase classname="Test4.JSONArray" name="JSONArrayBody" time="2.391">
    <failure type="org.json.JSONException" message="A JSONObject text must begin with &amp;apos;{&amp;apos; at 1 [character 2 line 1]">
      <![CDATA[org.json.JSONException: A JSONObject text must begin with '{' at 1 [character 2 line 1]
at org.json.JSONTokener.syntaxError(JSONTokener.java:507)
at org.json.JSONObject.<init>(JSONObject.java:222)
at org.json.JSONObject.<init>(JSONObject.java:406)
at Test4.JSONArray.JSONArrayBody(JSONArray.java:48)
at java.base/java.util.ArrayList.forEach(ArrayList.java:1511)
... Removed 27 stack frames]]>
    </failure>
  </testcase> <!-- JSONArrayBody -->
</testsuite> <!-- Default test(failed) -->
