<?xml version="1.0" encoding="UTF-8"?>
<testng-results ignored="0" total="1" passed="1" failed="0" skipped="0">
  <reporter-output>
  </reporter-output>
  <suite started-at="2023-08-11T12:28:47 IST" name="Default suite" finished-at="2023-08-11T12:28:55 IST" duration-ms="7838">
    <groups>
    </groups>
    <test started-at="2023-08-11T12:28:47 IST" name="Default test" finished-at="2023-08-11T12:28:55 IST" duration-ms="7838">
      <class name="Test5.PasingXMLResponse">
        <test-method signature="testXMLResponse()[pri:0, instance:Test5.PasingXMLResponse@957e06]" started-at="2023-08-11T12:28:47 IST" name="testXMLResponse" finished-at="2023-08-11T12:28:55 IST" duration-ms="7734" status="PASS">
          <reporter-output>
          </reporter-output>
        </test-method> <!-- testXMLResponse -->
      </class> <!-- Test5.PasingXMLResponse -->
    </test> <!-- Default test -->
  </suite> <!-- Default suite -->
</testng-results>
