<?xml version="1.0" encoding="UTF-8"?>
<testng-results ignored="0" total="2" passed="2" failed="0" skipped="0">
  <reporter-output>
  </reporter-output>
  <suite started-at="2023-08-09T17:47:15 IST" name="Default suite" finished-at="2023-08-09T17:47:18 IST" duration-ms="3661">
    <groups>
    </groups>
    <test started-at="2023-08-09T17:47:15 IST" name="Default test" finished-at="2023-08-09T17:47:18 IST" duration-ms="3661">
      <class name="Test3.Header">
        <test-method signature="Header()[pri:1, instance:Test3.Header@957e06]" started-at="2023-08-09T17:47:15 IST" name="Header" finished-at="2023-08-09T17:47:18 IST" duration-ms="2915" status="PASS">
          <reporter-output>
          </reporter-output>
        </test-method> <!-- Header -->
        <test-method signature="getHeader()[pri:2, instance:Test3.Header@957e06]" started-at="2023-08-09T17:47:18 IST" name="getHeader" finished-at="2023-08-09T17:47:18 IST" duration-ms="645" status="PASS">
          <reporter-output>
          </reporter-output>
        </test-method> <!-- getHeader -->
      </class> <!-- Test3.Header -->
    </test> <!-- Default test -->
  </suite> <!-- Default suite -->
</testng-results>
